# JRE version: OpenJDK Runtime Environment (21.0.10) (build 21.0.10+-14961533-b1163.108)
# Java VM: OpenJDK 64-Bit Server VM (21.0.10+-14961533-b1163.108, mixed mode, tiered, compressed oops, compressed class ptrs, g1 gc, windows-amd64)
GC Precious Log:
 CardTable entry size: 512
 Card Set container configuration: InlinePtr #cards 4 size 8 Array Of Cards #cards 16 size 48 Howl #buckets 8 coarsen threshold 3686 Howl Bitmap #cards 512 size 80 coarsen threshold 460 Card regions per heap region 1 cards per card region 4096
 CPUs: 8 total, 8 available
 Memory: 16198M
 Large Page Support: Disabled
 NUMA Support: Disabled
 Compressed Oops: Enabled (Zero based)
 Heap Region Size: 2M
 Heap Min Capacity: 8M
 Heap Initial Capacity: 254M
 Heap Max Capacity: 4G
 Pre-touch: Disabled
 Parallel Workers: 8
 Concurrent Workers: 2
 Concurrent Refinement Workers: 8
 Periodic GC: Disabled
Heap:
 garbage-first heap   total 280576K, used 139131K [0x0000000700000000, 0x0000000800000000)
  region size 2048K, 2 young (4096K), 2 survivors (4096K)
 Metaspace       used 122508K, committed 124928K, reserved 557056K
  class space    used 17110K, committed 18304K, reserved 425984K
GC Heap History (20 events):
Event: 12.483 GC heap after
{Heap after GC invocations=28 (full 0):
 garbage-first heap   total 155648K, used 57213K [0x0000000700000000, 0x0000000800000000)
  region size 2048K, 3 young (6144K), 3 survivors (6144K)
 Metaspace       used 71099K, committed 72960K, reserved 491520K
  class space    used 10081K, committed 10944K, reserved 425984K
}
Event: 12.611 GC heap before
{Heap before GC invocations=28 (full 0):
 garbage-first heap   total 155648K, used 143229K [0x0000000700000000, 0x0000000800000000)
  region size 2048K, 45 young (92160K), 3 survivors (6144K)
 Metaspace       used 71099K, committed 72960K, reserved 491520K
  class space    used 10081K, committed 10944K, reserved 425984K
}
Event: 12.619 GC heap after
{Heap after GC invocations=29 (full 0):
 garbage-first heap   total 155648K, used 57632K [0x0000000700000000, 0x0000000800000000)
  region size 2048K, 4 young (8192K), 4 survivors (8192K)
 Metaspace       used 71099K, committed 72960K, reserved 491520K
  class space    used 10081K, committed 10944K, reserved 425984K
}
Event: 12.983 GC heap before
{Heap before GC invocations=29 (full 0):
 garbage-first heap   total 155648K, used 129312K [0x0000000700000000, 0x0000000800000000)
  region size 2048K, 40 young (81920K), 4 survivors (8192K)
 Metaspace       used 71582K, committed 73536K, reserved 491520K
  class space    used 10151K, committed 11072K, reserved 425984K
}
Event: 12.992 GC heap after
{Heap after GC invocations=30 (full 0):
 garbage-first heap   total 264192K, used 63276K [0x0000000700000000, 0x0000000800000000)
  region size 2048K, 6 young (12288K), 6 survivors (12288K)
 Metaspace       used 71582K, committed 73536K, reserved 491520K
  class space    used 10151K, committed 11072K, reserved 425984K
}
Event: 14.588 GC heap before
{Heap before GC invocations=30 (full 0):
 garbage-first heap   total 264192K, used 214828K [0x0000000700000000, 0x0000000800000000)
  region size 2048K, 77 young (157696K), 6 survivors (12288K)
 Metaspace       used 84100K, committed 86144K, reserved 557056K
  class space    used 11676K, committed 12672K, reserved 425984K
}
Event: 14.601 GC heap after
{Heap after GC invocations=31 (full 0):
 garbage-first heap   total 264192K, used 93979K [0x0000000700000000, 0x0000000800000000)
  region size 2048K, 10 young (20480K), 10 survivors (20480K)
 Metaspace       used 84100K, committed 86144K, reserved 557056K
  class space    used 11676K, committed 12672K, reserved 425984K
}
Event: 16.448 GC heap before
{Heap before GC invocations=31 (full 0):
 garbage-first heap   total 264192K, used 235291K [0x0000000700000000, 0x0000000800000000)
  region size 2048K, 77 young (157696K), 10 survivors (20480K)
 Metaspace       used 94405K, committed 96512K, reserved 557056K
  class space    used 13055K, committed 14016K, reserved 425984K
}
Event: 16.460 GC heap after
{Heap after GC invocations=32 (full 0):
 garbage-first heap   total 264192K, used 104884K [0x0000000700000000, 0x0000000800000000)
  region size 2048K, 5 young (10240K), 5 survivors (10240K)
 Metaspace       used 94405K, committed 96512K, reserved 557056K
  class space    used 13055K, committed 14016K, reserved 425984K
}
Event: 18.114 GC heap before
{Heap before GC invocations=32 (full 0):
 garbage-first heap   total 264192K, used 238004K [0x0000000700000000, 0x0000000800000000)
  region size 2048K, 70 young (143360K), 5 survivors (10240K)
 Metaspace       used 102537K, committed 104704K, reserved 557056K
  class space    used 14290K, committed 15296K, reserved 425984K
}
Event: 18.125 GC heap after
{Heap after GC invocations=33 (full 0):
 garbage-first heap   total 264192K, used 110164K [0x0000000700000000, 0x0000000800000000)
  region size 2048K, 7 young (14336K), 7 survivors (14336K)
 Metaspace       used 102537K, committed 104704K, reserved 557056K
  class space    used 14290K, committed 15296K, reserved 425984K
}
Event: 19.773 GC heap before
{Heap before GC invocations=34 (full 0):
 garbage-first heap   total 264192K, used 241236K [0x0000000700000000, 0x0000000800000000)
  region size 2048K, 71 young (145408K), 7 survivors (14336K)
 Metaspace       used 111253K, committed 113600K, reserved 557056K
  class space    used 15689K, committed 16832K, reserved 425984K
}
Event: 19.791 GC heap after
{Heap after GC invocations=35 (full 0):
 garbage-first heap   total 264192K, used 115824K [0x0000000700000000, 0x0000000800000000)
  region size 2048K, 6 young (12288K), 6 survivors (12288K)
 Metaspace       used 111253K, committed 113600K, reserved 557056K
  class space    used 15689K, committed 16832K, reserved 425984K
}
Event: 21.379 GC heap before
{Heap before GC invocations=35 (full 0):
 garbage-first heap   total 264192K, used 240752K [0x0000000700000000, 0x0000000800000000)
  region size 2048K, 68 young (139264K), 6 survivors (12288K)
 Metaspace       used 117559K, committed 119936K, reserved 557056K
  class space    used 16550K, committed 17664K, reserved 425984K
}
Event: 21.402 GC heap after
{Heap after GC invocations=36 (full 0):
 garbage-first heap   total 272384K, used 128203K [0x0000000700000000, 0x0000000800000000)
  region size 2048K, 9 young (18432K), 9 survivors (18432K)
 Metaspace       used 117559K, committed 119936K, reserved 557056K
  class space    used 16550K, committed 17664K, reserved 425984K
}
Event: 22.456 GC heap before
{Heap before GC invocations=36 (full 0):
 garbage-first heap   total 272384K, used 242891K [0x0000000700000000, 0x0000000800000000)
  region size 2048K, 66 young (135168K), 9 survivors (18432K)
 Metaspace       used 122084K, committed 124480K, reserved 557056K
  class space    used 17021K, committed 18176K, reserved 425984K
}
Event: 22.483 GC heap after
{Heap after GC invocations=37 (full 0):
 garbage-first heap   total 276480K, used 139477K [0x0000000700000000, 0x0000000800000000)
  region size 2048K, 5 young (10240K), 5 survivors (10240K)
 Metaspace       used 122084K, committed 124480K, reserved 557056K
  class space    used 17021K, committed 18176K, reserved 425984K
}
Event: 22.809 GC heap before
{Heap before GC invocations=38 (full 0):
 garbage-first heap   total 276480K, used 248021K [0x0000000700000000, 0x0000000800000000)
  region size 2048K, 58 young (118784K), 5 survivors (10240K)
 Metaspace       used 122091K, committed 124480K, reserved 557056K
  class space    used 17021K, committed 18176K, reserved 425984K
}
Event: 22.819 GC heap after
{Heap after GC invocations=39 (full 0):
 garbage-first heap   total 276480K, used 139304K [0x0000000700000000, 0x0000000800000000)
  region size 2048K, 5 young (10240K), 5 survivors (10240K)
 Metaspace       used 122091K, committed 124480K, reserved 557056K
  class space    used 17021K, committed 18176K, reserved 425984K
}
Event: 23.127 GC heap before
{Heap before GC invocations=39 (full 0):
 garbage-first heap   total 276480K, used 251944K [0x0000000700000000, 0x0000000800000000)
  region size 2048K, 60 young (122880K), 5 survivors (10240K)
 Metaspace       used 122508K, committed 124928K, reserved 557056K
  class space    used 17110K, committed 18304K, reserved 425984K
}

