# JRE version: OpenJDK Runtime Environment (21.0.10) (build 21.0.10+-14961533-b1163.108)
# Java VM: OpenJDK 64-Bit Server VM (21.0.10+-14961533-b1163.108, mixed mode, tiered, compressed oops, compressed class ptrs, g1 gc, windows-amd64)
GC Precious Log:
 CardTable entry size: 512
 Card Set container configuration: InlinePtr #cards 4 size 8 Array Of Cards #cards 16 size 48 Howl #buckets 8 coarsen threshold 3686 Howl Bitmap #cards 512 size 80 coarsen threshold 460 Card regions per heap region 1 cards per card region 4096
 CPUs: 8 total, 8 available
 Memory: 16198M
 Large Page Support: Disabled
 NUMA Support: Disabled
 Compressed Oops: Enabled (Zero based)
 Heap Region Size: 2M
 Heap Min Capacity: 8M
 Heap Initial Capacity: 254M
 Heap Max Capacity: 4G
 Pre-touch: Disabled
 Parallel Workers: 8
 Concurrent Workers: 2
 Concurrent Refinement Workers: 8
 Periodic GC: Disabled
Heap:
 garbage-first heap   total 471040K, used 236363K [0x0000000700000000, 0x0000000800000000)
  region size 2048K, 10 young (20480K), 5 survivors (10240K)
 Metaspace       used 185128K, committed 187648K, reserved 622592K
  class space    used 24587K, committed 25792K, reserved 425984K
GC Heap History (20 events):
Event: 22.719 GC heap before
{Heap before GC invocations=43 (full 0):
 garbage-first heap   total 317440K, used 266240K [0x0000000700000000, 0x0000000800000000)
  region size 2048K, 83 young (169984K), 12 survivors (24576K)
 Metaspace       used 116597K, committed 118528K, reserved 557056K
  class space    used 15843K, committed 16768K, reserved 425984K
}
Event: 22.752 GC heap after
{Heap after GC invocations=44 (full 0):
 garbage-first heap   total 380928K, used 134601K [0x0000000700000000, 0x0000000800000000)
  region size 2048K, 5 young (10240K), 5 survivors (10240K)
 Metaspace       used 116597K, committed 118528K, reserved 557056K
  class space    used 15843K, committed 16768K, reserved 425984K
}
Event: 23.081 GC heap before
{Heap before GC invocations=44 (full 0):
 garbage-first heap   total 380928K, used 161225K [0x0000000700000000, 0x0000000800000000)
  region size 2048K, 19 young (38912K), 5 survivors (10240K)
 Metaspace       used 119365K, committed 121280K, reserved 557056K
  class space    used 16119K, committed 17024K, reserved 425984K
}
Event: 23.091 GC heap after
{Heap after GC invocations=45 (full 0):
 garbage-first heap   total 380928K, used 135885K [0x0000000700000000, 0x0000000800000000)
  region size 2048K, 6 young (12288K), 6 survivors (12288K)
 Metaspace       used 119365K, committed 121280K, reserved 557056K
  class space    used 16119K, committed 17024K, reserved 425984K
}
Event: 25.611 GC heap before
{Heap before GC invocations=46 (full 0):
 garbage-first heap   total 380928K, used 338637K [0x0000000700000000, 0x0000000800000000)
  region size 2048K, 102 young (208896K), 6 survivors (12288K)
 Metaspace       used 137552K, committed 139584K, reserved 557056K
  class space    used 18261K, committed 19200K, reserved 425984K
}
Event: 25.632 GC heap after
{Heap after GC invocations=47 (full 0):
 garbage-first heap   total 382976K, used 173513K [0x0000000700000000, 0x0000000800000000)
  region size 2048K, 13 young (26624K), 13 survivors (26624K)
 Metaspace       used 137552K, committed 139584K, reserved 557056K
  class space    used 18261K, committed 19200K, reserved 425984K
}
Event: 27.980 GC heap before
{Heap before GC invocations=47 (full 0):
 garbage-first heap   total 382976K, used 329161K [0x0000000700000000, 0x0000000800000000)
  region size 2048K, 89 young (182272K), 13 survivors (26624K)
 Metaspace       used 151248K, committed 153408K, reserved 622592K
  class space    used 19976K, committed 20992K, reserved 425984K
}
Event: 28.001 GC heap after
{Heap after GC invocations=48 (full 0):
 garbage-first heap   total 382976K, used 181382K [0x0000000700000000, 0x0000000800000000)
  region size 2048K, 6 young (12288K), 6 survivors (12288K)
 Metaspace       used 151248K, committed 153408K, reserved 622592K
  class space    used 19976K, committed 20992K, reserved 425984K
}
Event: 28.610 GC heap before
{Heap before GC invocations=48 (full 0):
 garbage-first heap   total 382976K, used 220294K [0x0000000700000000, 0x0000000800000000)
  region size 2048K, 26 young (53248K), 6 survivors (12288K)
 Metaspace       used 155369K, committed 157632K, reserved 622592K
  class space    used 20513K, committed 21568K, reserved 425984K
}
Event: 28.620 GC heap after
{Heap after GC invocations=49 (full 0):
 garbage-first heap   total 382976K, used 181478K [0x0000000700000000, 0x0000000800000000)
  region size 2048K, 6 young (12288K), 6 survivors (12288K)
 Metaspace       used 155369K, committed 157632K, reserved 622592K
  class space    used 20513K, committed 21568K, reserved 425984K
}
Event: 29.718 GC heap before
{Heap before GC invocations=50 (full 0):
 garbage-first heap   total 382976K, used 306406K [0x0000000700000000, 0x0000000800000000)
  region size 2048K, 83 young (169984K), 6 survivors (12288K)
 Metaspace       used 159576K, committed 161728K, reserved 622592K
  class space    used 21132K, committed 22144K, reserved 425984K
}
Event: 29.747 GC heap after
{Heap after GC invocations=51 (full 0):
 garbage-first heap   total 382976K, used 187576K [0x0000000700000000, 0x0000000800000000)
  region size 2048K, 11 young (22528K), 11 survivors (22528K)
 Metaspace       used 159576K, committed 161728K, reserved 622592K
  class space    used 21132K, committed 22144K, reserved 425984K
}
Event: 30.545 GC heap before
{Heap before GC invocations=51 (full 0):
 garbage-first heap   total 382976K, used 322744K [0x0000000700000000, 0x0000000800000000)
  region size 2048K, 77 young (157696K), 11 survivors (22528K)
 Metaspace       used 160078K, committed 162304K, reserved 622592K
  class space    used 21158K, committed 22208K, reserved 425984K
}
Event: 30.585 GC heap after
{Heap after GC invocations=52 (full 0):
 garbage-first heap   total 391168K, used 206848K [0x0000000700000000, 0x0000000800000000)
  region size 2048K, 10 young (20480K), 10 survivors (20480K)
 Metaspace       used 160078K, committed 162304K, reserved 622592K
  class space    used 21158K, committed 22208K, reserved 425984K
}
Event: 32.898 GC heap before
{Heap before GC invocations=52 (full 0):
 garbage-first heap   total 391168K, used 323584K [0x0000000700000000, 0x0000000800000000)
  region size 2048K, 67 young (137216K), 10 survivors (20480K)
 Metaspace       used 168239K, committed 170496K, reserved 622592K
  class space    used 21999K, committed 23040K, reserved 425984K
}
Event: 32.921 GC heap after
{Heap after GC invocations=53 (full 0):
 garbage-first heap   total 391168K, used 223035K [0x0000000700000000, 0x0000000800000000)
  region size 2048K, 7 young (14336K), 7 survivors (14336K)
 Metaspace       used 168239K, committed 170496K, reserved 622592K
  class space    used 21999K, committed 23040K, reserved 425984K
}
Event: 34.317 GC heap before
{Heap before GC invocations=54 (full 0):
 garbage-first heap   total 391168K, used 331579K [0x0000000700000000, 0x0000000800000000)
  region size 2048K, 61 young (124928K), 7 survivors (14336K)
 Metaspace       used 175485K, committed 177856K, reserved 622592K
  class space    used 23203K, committed 24320K, reserved 425984K
}
Event: 34.334 GC heap after
{Heap after GC invocations=55 (full 0):
 garbage-first heap   total 391168K, used 228057K [0x0000000700000000, 0x0000000800000000)
  region size 2048K, 3 young (6144K), 3 survivors (6144K)
 Metaspace       used 175485K, committed 177856K, reserved 622592K
  class space    used 23203K, committed 24320K, reserved 425984K
}
Event: 35.920 GC heap before
{Heap before GC invocations=55 (full 0):
 garbage-first heap   total 391168K, used 342745K [0x0000000700000000, 0x0000000800000000)
  region size 2048K, 59 young (120832K), 3 survivors (6144K)
 Metaspace       used 184731K, committed 187200K, reserved 622592K
  class space    used 24556K, committed 25728K, reserved 425984K
}
Event: 35.935 GC heap after
{Heap after GC invocations=56 (full 0):
 garbage-first heap   total 471040K, used 228171K [0x0000000700000000, 0x0000000800000000)
  region size 2048K, 5 young (10240K), 5 survivors (10240K)
 Metaspace       used 184731K, committed 187200K, reserved 622592K
  class space    used 24556K, committed 25728K, reserved 425984K
}

