# JRE version: OpenJDK Runtime Environment (21.0.10) (build 21.0.10+-14961533-b1163.108)
# Java VM: OpenJDK 64-Bit Server VM (21.0.10+-14961533-b1163.108, mixed mode, tiered, compressed oops, compressed class ptrs, g1 gc, windows-amd64)
GC Precious Log:
 CardTable entry size: 512
 Card Set container configuration: InlinePtr #cards 4 size 8 Array Of Cards #cards 16 size 48 Howl #buckets 8 coarsen threshold 3686 Howl Bitmap #cards 512 size 80 coarsen threshold 460 Card regions per heap region 1 cards per card region 4096
 CPUs: 8 total, 8 available
 Memory: 16198M
 Large Page Support: Disabled
 NUMA Support: Disabled
 Compressed Oops: Enabled (Zero based)
 Heap Region Size: 2M
 Heap Min Capacity: 8M
 Heap Initial Capacity: 254M
 Heap Max Capacity: 4G
 Pre-touch: Disabled
 Parallel Workers: 8
 Concurrent Workers: 2
 Concurrent Refinement Workers: 8
 Periodic GC: Disabled
Heap:
 garbage-first heap   total 296960K, used 137265K [0x0000000700000000, 0x0000000800000000)
  region size 2048K, 3 young (6144K), 3 survivors (6144K)
 Metaspace       used 122552K, committed 124928K, reserved 557056K
  class space    used 17125K, committed 18240K, reserved 425984K
GC Heap History (20 events):
Event: 18.613 GC heap after
{Heap after GC invocations=37 (full 0):
 garbage-first heap   total 208896K, used 104610K [0x0000000700000000, 0x0000000800000000)
  region size 2048K, 4 young (8192K), 4 survivors (8192K)
 Metaspace       used 102955K, committed 105024K, reserved 557056K
  class space    used 14390K, committed 15360K, reserved 425984K
}
Event: 19.900 GC heap before
{Heap before GC invocations=37 (full 0):
 garbage-first heap   total 208896K, used 190626K [0x0000000700000000, 0x0000000800000000)
  region size 2048K, 46 young (94208K), 4 survivors (8192K)
 Metaspace       used 109142K, committed 111296K, reserved 557056K
  class space    used 15354K, committed 16384K, reserved 425984K
}
Event: 19.913 GC heap after
{Heap after GC invocations=38 (full 0):
 garbage-first heap   total 208896K, used 109079K [0x0000000700000000, 0x0000000800000000)
  region size 2048K, 4 young (8192K), 4 survivors (8192K)
 Metaspace       used 109142K, committed 111296K, reserved 557056K
  class space    used 15354K, committed 16384K, reserved 425984K
}
Event: 21.115 GC heap before
{Heap before GC invocations=39 (full 0):
 garbage-first heap   total 208896K, used 190999K [0x0000000700000000, 0x0000000800000000)
  region size 2048K, 44 young (90112K), 4 survivors (8192K)
 Metaspace       used 115327K, committed 117632K, reserved 557056K
  class space    used 16290K, committed 17408K, reserved 425984K
}
Event: 21.125 GC heap after
{Heap after GC invocations=40 (full 0):
 garbage-first heap   total 208896K, used 112728K [0x0000000700000000, 0x0000000800000000)
  region size 2048K, 6 young (12288K), 6 survivors (12288K)
 Metaspace       used 115327K, committed 117632K, reserved 557056K
  class space    used 16290K, committed 17408K, reserved 425984K
}
Event: 22.204 GC heap before
{Heap before GC invocations=40 (full 0):
 garbage-first heap   total 208896K, used 192600K [0x0000000700000000, 0x0000000800000000)
  region size 2048K, 45 young (92160K), 6 survivors (12288K)
 Metaspace       used 117194K, committed 119488K, reserved 557056K
  class space    used 16539K, committed 17664K, reserved 425984K
}
Event: 22.227 GC heap after
{Heap after GC invocations=41 (full 0):
 garbage-first heap   total 219136K, used 123094K [0x0000000700000000, 0x0000000800000000)
  region size 2048K, 6 young (12288K), 6 survivors (12288K)
 Metaspace       used 117194K, committed 119488K, reserved 557056K
  class space    used 16539K, committed 17664K, reserved 425984K
}
Event: 23.384 GC heap before
{Heap before GC invocations=41 (full 0):
 garbage-first heap   total 219136K, used 194774K [0x0000000700000000, 0x0000000800000000)
  region size 2048K, 42 young (86016K), 6 survivors (12288K)
 Metaspace       used 121950K, committed 124288K, reserved 557056K
  class space    used 17016K, committed 18176K, reserved 425984K
}
Event: 23.405 GC heap after
{Heap after GC invocations=42 (full 0):
 garbage-first heap   total 266240K, used 133194K [0x0000000700000000, 0x0000000800000000)
  region size 2048K, 5 young (10240K), 5 survivors (10240K)
 Metaspace       used 121950K, committed 124288K, reserved 557056K
  class space    used 17016K, committed 18176K, reserved 425984K
}
Event: 23.735 GC heap before
{Heap before GC invocations=43 (full 0):
 garbage-first heap   total 266240K, used 235594K [0x0000000700000000, 0x0000000800000000)
  region size 2048K, 56 young (114688K), 5 survivors (10240K)
 Metaspace       used 121961K, committed 124288K, reserved 557056K
  class space    used 17018K, committed 18176K, reserved 425984K
}
Event: 23.744 GC heap after
{Heap after GC invocations=44 (full 0):
 garbage-first heap   total 266240K, used 135336K [0x0000000700000000, 0x0000000800000000)
  region size 2048K, 2 young (4096K), 2 survivors (4096K)
 Metaspace       used 121961K, committed 124288K, reserved 557056K
  class space    used 17018K, committed 18176K, reserved 425984K
}
Event: 24.036 GC heap before
{Heap before GC invocations=44 (full 0):
 garbage-first heap   total 266240K, used 239784K [0x0000000700000000, 0x0000000800000000)
  region size 2048K, 54 young (110592K), 2 survivors (4096K)
 Metaspace       used 122251K, committed 124608K, reserved 557056K
  class space    used 17082K, committed 18240K, reserved 425984K
}
Event: 24.041 GC heap after
{Heap after GC invocations=45 (full 0):
 garbage-first heap   total 266240K, used 136028K [0x0000000700000000, 0x0000000800000000)
  region size 2048K, 2 young (4096K), 2 survivors (4096K)
 Metaspace       used 122251K, committed 124608K, reserved 557056K
  class space    used 17082K, committed 18240K, reserved 425984K
}
Event: 24.316 GC heap before
{Heap before GC invocations=45 (full 0):
 garbage-first heap   total 266240K, used 244572K [0x0000000700000000, 0x0000000800000000)
  region size 2048K, 55 young (112640K), 2 survivors (4096K)
 Metaspace       used 122388K, committed 124736K, reserved 557056K
  class space    used 17105K, committed 18240K, reserved 425984K
}
Event: 24.321 GC heap after
{Heap after GC invocations=46 (full 0):
 garbage-first heap   total 266240K, used 136878K [0x0000000700000000, 0x0000000800000000)
  region size 2048K, 2 young (4096K), 2 survivors (4096K)
 Metaspace       used 122388K, committed 124736K, reserved 557056K
  class space    used 17105K, committed 18240K, reserved 425984K
}
Event: 24.877 GC heap before
{Heap before GC invocations=47 (full 0):
 garbage-first heap   total 266240K, used 245422K [0x0000000700000000, 0x0000000800000000)
  region size 2048K, 56 young (114688K), 2 survivors (4096K)
 Metaspace       used 122484K, committed 124864K, reserved 557056K
  class space    used 17116K, committed 18240K, reserved 425984K
}
Event: 24.883 GC heap after
{Heap after GC invocations=48 (full 0):
 garbage-first heap   total 266240K, used 137897K [0x0000000700000000, 0x0000000800000000)
  region size 2048K, 3 young (6144K), 3 survivors (6144K)
 Metaspace       used 122484K, committed 124864K, reserved 557056K
  class space    used 17116K, committed 18240K, reserved 425984K
}
Event: 25.047 GC heap before
{Heap before GC invocations=48 (full 0):
 garbage-first heap   total 266240K, used 248489K [0x0000000700000000, 0x0000000800000000)
  region size 2048K, 57 young (116736K), 3 survivors (6144K)
 Metaspace       used 122491K, committed 124864K, reserved 557056K
  class space    used 17116K, committed 18240K, reserved 425984K
}
Event: 25.055 GC heap after
{Heap after GC invocations=49 (full 0):
 garbage-first heap   total 266240K, used 136494K [0x0000000700000000, 0x0000000800000000)
  region size 2048K, 3 young (6144K), 3 survivors (6144K)
 Metaspace       used 122491K, committed 124864K, reserved 557056K
  class space    used 17116K, committed 18240K, reserved 425984K
}
Event: 25.301 GC heap before
{Heap before GC invocations=49 (full 0):
 garbage-first heap   total 266240K, used 247086K [0x0000000700000000, 0x0000000800000000)
  region size 2048K, 58 young (118784K), 3 survivors (6144K)
 Metaspace       used 122552K, committed 124928K, reserved 557056K
  class space    used 17125K, committed 18240K, reserved 425984K
}

