# JRE version: OpenJDK Runtime Environment (21.0.10) (build 21.0.10+-14961533-b1163.108)
# Java VM: OpenJDK 64-Bit Server VM (21.0.10+-14961533-b1163.108, mixed mode, tiered, compressed oops, compressed class ptrs, g1 gc, windows-amd64)
GC Precious Log:
 CardTable entry size: 512
 Card Set container configuration: InlinePtr #cards 4 size 8 Array Of Cards #cards 16 size 48 Howl #buckets 8 coarsen threshold 3686 Howl Bitmap #cards 512 size 80 coarsen threshold 460 Card regions per heap region 1 cards per card region 4096
 CPUs: 8 total, 8 available
 Memory: 16198M
 Large Page Support: Disabled
 NUMA Support: Disabled
 Compressed Oops: Enabled (Zero based)
 Heap Region Size: 2M
 Heap Min Capacity: 8M
 Heap Initial Capacity: 254M
 Heap Max Capacity: 4G
 Pre-touch: Disabled
 Parallel Workers: 8
 Concurrent Workers: 2
 Concurrent Refinement Workers: 8
 Periodic GC: Disabled
Heap:
 garbage-first heap   total 550912K, used 331861K [0x0000000700000000, 0x0000000800000000)
  region size 2048K, 2 young (4096K), 2 survivors (4096K)
 Metaspace       used 142027K, committed 144512K, reserved 557056K
  class space    used 20067K, committed 21248K, reserved 425984K
GC Heap History (20 events):
Event: 25.235 GC heap after
{Heap after GC invocations=44 (full 0):
 garbage-first heap   total 346112K, used 140217K [0x0000000700000000, 0x0000000800000000)
  region size 2048K, 5 young (10240K), 5 survivors (10240K)
 Metaspace       used 124470K, committed 126976K, reserved 557056K
  class space    used 17405K, committed 18624K, reserved 425984K
}
Event: 25.560 GC heap before
{Heap before GC invocations=44 (full 0):
 garbage-first heap   total 346112K, used 324537K [0x0000000700000000, 0x0000000800000000)
  region size 2048K, 96 young (196608K), 5 survivors (10240K)
 Metaspace       used 124472K, committed 126976K, reserved 557056K
  class space    used 17405K, committed 18624K, reserved 425984K
}
Event: 25.570 GC heap after
{Heap after GC invocations=45 (full 0):
 garbage-first heap   total 346112K, used 140687K [0x0000000700000000, 0x0000000800000000)
  region size 2048K, 5 young (10240K), 5 survivors (10240K)
 Metaspace       used 124472K, committed 126976K, reserved 557056K
  class space    used 17405K, committed 18624K, reserved 425984K
}
Event: 25.928 GC heap before
{Heap before GC invocations=45 (full 0):
 garbage-first heap   total 346112K, used 325007K [0x0000000700000000, 0x0000000800000000)
  region size 2048K, 96 young (196608K), 5 survivors (10240K)
 Metaspace       used 124812K, committed 127232K, reserved 557056K
  class space    used 17458K, committed 18624K, reserved 425984K
}
Event: 25.940 GC heap after
{Heap after GC invocations=46 (full 0):
 garbage-first heap   total 346112K, used 144320K [0x0000000700000000, 0x0000000800000000)
  region size 2048K, 7 young (14336K), 7 survivors (14336K)
 Metaspace       used 124812K, committed 127232K, reserved 557056K
  class space    used 17458K, committed 18624K, reserved 425984K
}
Event: 26.271 GC heap before
{Heap before GC invocations=46 (full 0):
 garbage-first heap   total 346112K, used 324544K [0x0000000700000000, 0x0000000800000000)
  region size 2048K, 96 young (196608K), 7 survivors (14336K)
 Metaspace       used 125826K, committed 128192K, reserved 557056K
  class space    used 17590K, committed 18752K, reserved 425984K
}
Event: 26.288 GC heap after
{Heap after GC invocations=47 (full 0):
 garbage-first heap   total 364544K, used 167751K [0x0000000700000000, 0x0000000800000000)
  region size 2048K, 12 young (24576K), 12 survivors (24576K)
 Metaspace       used 125826K, committed 128192K, reserved 557056K
  class space    used 17590K, committed 18752K, reserved 425984K
}
Event: 27.183 GC heap before
{Heap before GC invocations=48 (full 0):
 garbage-first heap   total 364544K, used 327495K [0x0000000700000000, 0x0000000800000000)
  region size 2048K, 91 young (186368K), 12 survivors (24576K)
 Metaspace       used 130205K, committed 132608K, reserved 557056K
  class space    used 18244K, committed 19392K, reserved 425984K
}
Event: 27.223 GC heap after
{Heap after GC invocations=49 (full 0):
 garbage-first heap   total 382976K, used 194822K [0x0000000700000000, 0x0000000800000000)
  region size 2048K, 12 young (24576K), 12 survivors (24576K)
 Metaspace       used 130205K, committed 132608K, reserved 557056K
  class space    used 18244K, committed 19392K, reserved 425984K
}
Event: 27.683 GC heap before
{Heap before GC invocations=49 (full 0):
 garbage-first heap   total 382976K, used 336134K [0x0000000700000000, 0x0000000800000000)
  region size 2048K, 82 young (167936K), 12 survivors (24576K)
 Metaspace       used 132298K, committed 134720K, reserved 557056K
  class space    used 18593K, committed 19776K, reserved 425984K
}
Event: 27.732 GC heap after
{Heap after GC invocations=50 (full 0):
 garbage-first heap   total 487424K, used 223137K [0x0000000700000000, 0x0000000800000000)
  region size 2048K, 11 young (22528K), 11 survivors (22528K)
 Metaspace       used 132298K, committed 134720K, reserved 557056K
  class space    used 18593K, committed 19776K, reserved 425984K
}
Event: 28.177 GC heap before
{Heap before GC invocations=50 (full 0):
 garbage-first heap   total 487424K, used 421793K [0x0000000700000000, 0x0000000800000000)
  region size 2048K, 108 young (221184K), 11 survivors (22528K)
 Metaspace       used 134375K, committed 136832K, reserved 557056K
  class space    used 18858K, committed 20032K, reserved 425984K
}
Event: 28.242 GC heap after
{Heap after GC invocations=51 (full 0):
 garbage-first heap   total 493568K, used 271360K [0x0000000700000000, 0x0000000800000000)
  region size 2048K, 14 young (28672K), 14 survivors (28672K)
 Metaspace       used 134375K, committed 136832K, reserved 557056K
  class space    used 18858K, committed 20032K, reserved 425984K
}
Event: 28.591 GC heap before
{Heap before GC invocations=51 (full 0):
 garbage-first heap   total 493568K, used 424960K [0x0000000700000000, 0x0000000800000000)
  region size 2048K, 89 young (182272K), 14 survivors (28672K)
 Metaspace       used 135809K, committed 138240K, reserved 557056K
  class space    used 19182K, committed 20352K, reserved 425984K
}
Event: 28.648 GC heap after
{Heap after GC invocations=52 (full 0):
 garbage-first heap   total 493568K, used 304853K [0x0000000700000000, 0x0000000800000000)
  region size 2048K, 12 young (24576K), 12 survivors (24576K)
 Metaspace       used 135809K, committed 138240K, reserved 557056K
  class space    used 19182K, committed 20352K, reserved 425984K
}
Event: 29.081 GC heap before
{Heap before GC invocations=52 (full 0):
 garbage-first heap   total 493568K, used 431829K [0x0000000700000000, 0x0000000800000000)
  region size 2048K, 75 young (153600K), 12 survivors (24576K)
 Metaspace       used 138879K, committed 141312K, reserved 557056K
  class space    used 19663K, committed 20800K, reserved 425984K
}
Event: 29.124 GC heap after
{Heap after GC invocations=53 (full 0):
 garbage-first heap   total 493568K, used 329223K [0x0000000700000000, 0x0000000800000000)
  region size 2048K, 10 young (20480K), 10 survivors (20480K)
 Metaspace       used 138879K, committed 141312K, reserved 557056K
  class space    used 19663K, committed 20800K, reserved 425984K
}
Event: 30.555 GC heap before
{Heap before GC invocations=54 (full 0):
 garbage-first heap   total 550912K, used 441863K [0x0000000700000000, 0x0000000800000000)
  region size 2048K, 65 young (133120K), 10 survivors (20480K)
 Metaspace       used 141260K, committed 143680K, reserved 557056K
  class space    used 19998K, committed 21184K, reserved 425984K
}
Event: 30.578 GC heap after
{Heap after GC invocations=55 (full 0):
 garbage-first heap   total 550912K, used 333812K [0x0000000700000000, 0x0000000800000000)
  region size 2048K, 2 young (4096K), 2 survivors (4096K)
 Metaspace       used 141260K, committed 143680K, reserved 557056K
  class space    used 19998K, committed 21184K, reserved 425984K
}
Event: 31.291 GC heap before
{Heap before GC invocations=55 (full 0):
 garbage-first heap   total 550912K, used 491508K [0x0000000700000000, 0x0000000800000000)
  region size 2048K, 79 young (161792K), 2 survivors (4096K)
 Metaspace       used 142027K, committed 144512K, reserved 557056K
  class space    used 20067K, committed 21248K, reserved 425984K
}

