# JRE version: OpenJDK Runtime Environment (21.0.10) (build 21.0.10+-14961533-b1163.108)
# Java VM: OpenJDK 64-Bit Server VM (21.0.10+-14961533-b1163.108, mixed mode, tiered, compressed oops, compressed class ptrs, g1 gc, windows-amd64)
GC Precious Log:
 CardTable entry size: 512
 Card Set container configuration: InlinePtr #cards 4 size 8 Array Of Cards #cards 16 size 48 Howl #buckets 8 coarsen threshold 3686 Howl Bitmap #cards 512 size 80 coarsen threshold 460 Card regions per heap region 1 cards per card region 4096
 CPUs: 8 total, 8 available
 Memory: 16198M
 Large Page Support: Disabled
 NUMA Support: Disabled
 Compressed Oops: Enabled (Zero based)
 Heap Region Size: 2M
 Heap Min Capacity: 8M
 Heap Initial Capacity: 254M
 Heap Max Capacity: 4G
 Pre-touch: Disabled
 Parallel Workers: 8
 Concurrent Workers: 2
 Concurrent Refinement Workers: 8
 Periodic GC: Disabled
Heap:
 garbage-first heap   total 657408K, used 452608K [0x0000000700000000, 0x0000000800000000)
  region size 2048K, 12 young (24576K), 12 survivors (24576K)
 Metaspace       used 141259K, committed 143552K, reserved 557056K
  class space    used 19753K, committed 20864K, reserved 425984K
GC Heap History (20 events):
Event: 23.727 GC heap after
{Heap after GC invocations=42 (full 0):
 garbage-first heap   total 352256K, used 141012K [0x0000000700000000, 0x0000000800000000)
  region size 2048K, 5 young (10240K), 5 survivors (10240K)
 Metaspace       used 124852K, committed 127168K, reserved 557056K
  class space    used 17459K, committed 18560K, reserved 425984K
}
Event: 24.584 GC heap before
{Heap before GC invocations=42 (full 0):
 garbage-first heap   total 352256K, used 321236K [0x0000000700000000, 0x0000000800000000)
  region size 2048K, 93 young (190464K), 5 survivors (10240K)
 Metaspace       used 126904K, committed 129216K, reserved 557056K
  class space    used 17648K, committed 18752K, reserved 425984K
}
Event: 24.598 GC heap after
{Heap after GC invocations=43 (full 0):
 garbage-first heap   total 352256K, used 142127K [0x0000000700000000, 0x0000000800000000)
  region size 2048K, 6 young (12288K), 6 survivors (12288K)
 Metaspace       used 126904K, committed 129216K, reserved 557056K
  class space    used 17648K, committed 18752K, reserved 425984K
}
Event: 25.146 GC heap before
{Heap before GC invocations=43 (full 0):
 garbage-first heap   total 352256K, used 326447K [0x0000000700000000, 0x0000000800000000)
  region size 2048K, 97 young (198656K), 6 survivors (12288K)
 Metaspace       used 127529K, committed 129920K, reserved 557056K
  class space    used 17717K, committed 18880K, reserved 425984K
}
Event: 25.160 GC heap after
{Heap after GC invocations=44 (full 0):
 garbage-first heap   total 352256K, used 143651K [0x0000000700000000, 0x0000000800000000)
  region size 2048K, 7 young (14336K), 7 survivors (14336K)
 Metaspace       used 127529K, committed 129920K, reserved 557056K
  class space    used 17717K, committed 18880K, reserved 425984K
}
Event: 25.547 GC heap before
{Heap before GC invocations=45 (full 0):
 garbage-first heap   total 352256K, used 327971K [0x0000000700000000, 0x0000000800000000)
  region size 2048K, 98 young (200704K), 7 survivors (14336K)
 Metaspace       used 127569K, committed 129984K, reserved 557056K
  class space    used 17723K, committed 18880K, reserved 425984K
}
Event: 25.561 GC heap after
{Heap after GC invocations=46 (full 0):
 garbage-first heap   total 352256K, used 144759K [0x0000000700000000, 0x0000000800000000)
  region size 2048K, 8 young (16384K), 8 survivors (16384K)
 Metaspace       used 127569K, committed 129984K, reserved 557056K
  class space    used 17723K, committed 18880K, reserved 425984K
}
Event: 25.843 GC heap before
{Heap before GC invocations=46 (full 0):
 garbage-first heap   total 352256K, used 327031K [0x0000000700000000, 0x0000000800000000)
  region size 2048K, 98 young (200704K), 8 survivors (16384K)
 Metaspace       used 128106K, committed 130496K, reserved 557056K
  class space    used 17803K, committed 18944K, reserved 425984K
}
Event: 25.861 GC heap after
{Heap after GC invocations=47 (full 0):
 garbage-first heap   total 360448K, used 154174K [0x0000000700000000, 0x0000000800000000)
  region size 2048K, 13 young (26624K), 13 survivors (26624K)
 Metaspace       used 128106K, committed 130496K, reserved 557056K
  class space    used 17803K, committed 18944K, reserved 425984K
}
Event: 26.042 GC heap before
{Heap before GC invocations=47 (full 0):
 garbage-first heap   total 360448K, used 299582K [0x0000000700000000, 0x0000000800000000)
  region size 2048K, 86 young (176128K), 13 survivors (26624K)
 Metaspace       used 129149K, committed 131520K, reserved 557056K
  class space    used 17945K, committed 19072K, reserved 425984K
}
Event: 26.061 GC heap after
{Heap after GC invocations=48 (full 0):
 garbage-first heap   total 657408K, used 173432K [0x0000000700000000, 0x0000000800000000)
  region size 2048K, 13 young (26624K), 13 survivors (26624K)
 Metaspace       used 129149K, committed 131520K, reserved 557056K
  class space    used 17945K, committed 19072K, reserved 425984K
}
Event: 26.976 GC heap before
{Heap before GC invocations=48 (full 0):
 garbage-first heap   total 657408K, used 540024K [0x0000000700000000, 0x0000000800000000)
  region size 2048K, 192 young (393216K), 13 survivors (26624K)
 Metaspace       used 134503K, committed 136832K, reserved 557056K
  class space    used 18768K, committed 19904K, reserved 425984K
}
Event: 27.013 GC heap after
{Heap after GC invocations=49 (full 0):
 garbage-first heap   total 657408K, used 260039K [0x0000000700000000, 0x0000000800000000)
  region size 2048K, 24 young (49152K), 24 survivors (49152K)
 Metaspace       used 134503K, committed 136832K, reserved 557056K
  class space    used 18768K, committed 19904K, reserved 425984K
}
Event: 27.503 GC heap before
{Heap before GC invocations=49 (full 0):
 garbage-first heap   total 657408K, used 522183K [0x0000000700000000, 0x0000000800000000)
  region size 2048K, 153 young (313344K), 24 survivors (49152K)
 Metaspace       used 137310K, committed 139648K, reserved 557056K
  class space    used 19145K, committed 20288K, reserved 425984K
}
Event: 27.561 GC heap after
{Heap after GC invocations=50 (full 0):
 garbage-first heap   total 657408K, used 323584K [0x0000000700000000, 0x0000000800000000)
  region size 2048K, 20 young (40960K), 20 survivors (40960K)
 Metaspace       used 137310K, committed 139648K, reserved 557056K
  class space    used 19145K, committed 20288K, reserved 425984K
}
Event: 28.236 GC heap before
{Heap before GC invocations=51 (full 0):
 garbage-first heap   total 657408K, used 546816K [0x0000000700000000, 0x0000000800000000)
  region size 2048K, 130 young (266240K), 20 survivors (40960K)
 Metaspace       used 138838K, committed 141248K, reserved 557056K
  class space    used 19390K, committed 20544K, reserved 425984K
}
Event: 28.311 GC heap after
{Heap after GC invocations=52 (full 0):
 garbage-first heap   total 657408K, used 378880K [0x0000000700000000, 0x0000000800000000)
  region size 2048K, 17 young (34816K), 17 survivors (34816K)
 Metaspace       used 138838K, committed 141248K, reserved 557056K
  class space    used 19390K, committed 20544K, reserved 425984K
}
Event: 28.746 GC heap before
{Heap before GC invocations=52 (full 0):
 garbage-first heap   total 657408K, used 563200K [0x0000000700000000, 0x0000000800000000)
  region size 2048K, 108 young (221184K), 17 survivors (34816K)
 Metaspace       used 140318K, committed 142656K, reserved 557056K
  class space    used 19593K, committed 20736K, reserved 425984K
}
Event: 28.822 GC heap after
{Heap after GC invocations=53 (full 0):
 garbage-first heap   total 657408K, used 419840K [0x0000000700000000, 0x0000000800000000)
  region size 2048K, 14 young (28672K), 14 survivors (28672K)
 Metaspace       used 140318K, committed 142656K, reserved 557056K
  class space    used 19593K, committed 20736K, reserved 425984K
}
Event: 29.127 GC heap before
{Heap before GC invocations=53 (full 0):
 garbage-first heap   total 657408K, used 577536K [0x0000000700000000, 0x0000000800000000)
  region size 2048K, 91 young (186368K), 14 survivors (28672K)
 Metaspace       used 141259K, committed 143552K, reserved 557056K
  class space    used 19753K, committed 20864K, reserved 425984K
}

