# JRE version: OpenJDK Runtime Environment (21.0.10) (build 21.0.10+-14961533-b1163.108)
# Java VM: OpenJDK 64-Bit Server VM (21.0.10+-14961533-b1163.108, mixed mode, tiered, compressed oops, compressed class ptrs, g1 gc, windows-amd64)
GC Precious Log:
 CardTable entry size: 512
 Card Set container configuration: InlinePtr #cards 4 size 8 Array Of Cards #cards 16 size 48 Howl #buckets 8 coarsen threshold 3686 Howl Bitmap #cards 512 size 80 coarsen threshold 460 Card regions per heap region 1 cards per card region 4096
 CPUs: 8 total, 8 available
 Memory: 16198M
 Large Page Support: Disabled
 NUMA Support: Disabled
 Compressed Oops: Enabled (Zero based)
 Heap Region Size: 2M
 Heap Min Capacity: 8M
 Heap Initial Capacity: 254M
 Heap Max Capacity: 4G
 Pre-touch: Disabled
 Parallel Workers: 8
 Concurrent Workers: 2
 Concurrent Refinement Workers: 8
 Periodic GC: Disabled
Heap:
 garbage-first heap   total 649216K, used 538596K [0x0000000700000000, 0x0000000800000000)
  region size 2048K, 127 young (260096K), 20 survivors (40960K)
 Metaspace       used 136576K, committed 138944K, reserved 557056K
  class space    used 19289K, committed 20416K, reserved 425984K
GC Heap History (20 events):
Event: 22.773 GC heap before
{Heap before GC invocations=38 (full 0):
 garbage-first heap   total 282624K, used 256509K [0x0000000700000000, 0x0000000800000000)
  region size 2048K, 62 young (126976K), 2 survivors (4096K)
 Metaspace       used 122782K, committed 125120K, reserved 557056K
  class space    used 17120K, committed 18240K, reserved 425984K
}
Event: 22.779 GC heap after
{Heap after GC invocations=39 (full 0):
 garbage-first heap   total 282624K, used 135807K [0x0000000700000000, 0x0000000800000000)
  region size 2048K, 2 young (4096K), 2 survivors (4096K)
 Metaspace       used 122782K, committed 125120K, reserved 557056K
  class space    used 17120K, committed 18240K, reserved 425984K
}
Event: 23.108 GC heap before
{Heap before GC invocations=39 (full 0):
 garbage-first heap   total 282624K, used 260735K [0x0000000700000000, 0x0000000800000000)
  region size 2048K, 63 young (129024K), 2 survivors (4096K)
 Metaspace       used 122843K, committed 125248K, reserved 557056K
  class space    used 17124K, committed 18304K, reserved 425984K
}
Event: 23.115 GC heap after
{Heap after GC invocations=40 (full 0):
 garbage-first heap   total 282624K, used 136828K [0x0000000700000000, 0x0000000800000000)
  region size 2048K, 3 young (6144K), 3 survivors (6144K)
 Metaspace       used 122843K, committed 125248K, reserved 557056K
  class space    used 17124K, committed 18304K, reserved 425984K
}
Event: 23.479 GC heap before
{Heap before GC invocations=41 (full 0):
 garbage-first heap   total 282624K, used 261756K [0x0000000700000000, 0x0000000800000000)
  region size 2048K, 65 young (133120K), 3 survivors (6144K)
 Metaspace       used 122908K, committed 125312K, reserved 557056K
  class space    used 17136K, committed 18304K, reserved 425984K
}
Event: 23.486 GC heap after
{Heap after GC invocations=42 (full 0):
 garbage-first heap   total 282624K, used 137836K [0x0000000700000000, 0x0000000800000000)
  region size 2048K, 3 young (6144K), 3 survivors (6144K)
 Metaspace       used 122908K, committed 125312K, reserved 557056K
  class space    used 17136K, committed 18304K, reserved 425984K
}
Event: 23.703 GC heap before
{Heap before GC invocations=42 (full 0):
 garbage-first heap   total 282624K, used 264812K [0x0000000700000000, 0x0000000800000000)
  region size 2048K, 65 young (133120K), 3 survivors (6144K)
 Metaspace       used 122911K, committed 125312K, reserved 557056K
  class space    used 17136K, committed 18304K, reserved 425984K
}
Event: 23.714 GC heap after
{Heap after GC invocations=43 (full 0):
 garbage-first heap   total 448512K, used 137312K [0x0000000700000000, 0x0000000800000000)
  region size 2048K, 4 young (8192K), 4 survivors (8192K)
 Metaspace       used 122911K, committed 125312K, reserved 557056K
  class space    used 17136K, committed 18304K, reserved 425984K
}
Event: 24.469 GC heap before
{Heap before GC invocations=43 (full 0):
 garbage-first heap   total 448512K, used 397408K [0x0000000700000000, 0x0000000800000000)
  region size 2048K, 131 young (268288K), 4 survivors (8192K)
 Metaspace       used 124207K, committed 126592K, reserved 557056K
  class space    used 17364K, committed 18560K, reserved 425984K
}
Event: 24.480 GC heap after
{Heap after GC invocations=44 (full 0):
 garbage-first heap   total 448512K, used 141702K [0x0000000700000000, 0x0000000800000000)
  region size 2048K, 6 young (12288K), 6 survivors (12288K)
 Metaspace       used 124207K, committed 126592K, reserved 557056K
  class space    used 17364K, committed 18560K, reserved 425984K
}
Event: 24.886 GC heap before
{Heap before GC invocations=44 (full 0):
 garbage-first heap   total 448512K, used 395654K [0x0000000700000000, 0x0000000800000000)
  region size 2048K, 131 young (268288K), 6 survivors (12288K)
 Metaspace       used 124727K, committed 127168K, reserved 557056K
  class space    used 17449K, committed 18624K, reserved 425984K
}
Event: 24.900 GC heap after
{Heap after GC invocations=45 (full 0):
 garbage-first heap   total 448512K, used 145266K [0x0000000700000000, 0x0000000800000000)
  region size 2048K, 8 young (16384K), 8 survivors (16384K)
 Metaspace       used 124727K, committed 127168K, reserved 557056K
  class space    used 17449K, committed 18624K, reserved 425984K
}
Event: 25.306 GC heap before
{Heap before GC invocations=45 (full 0):
 garbage-first heap   total 448512K, used 395122K [0x0000000700000000, 0x0000000800000000)
  region size 2048K, 131 young (268288K), 8 survivors (16384K)
 Metaspace       used 126200K, committed 128576K, reserved 557056K
  class space    used 17663K, committed 18816K, reserved 425984K
}
Event: 25.323 GC heap after
{Heap after GC invocations=46 (full 0):
 garbage-first heap   total 448512K, used 168055K [0x0000000700000000, 0x0000000800000000)
  region size 2048K, 17 young (34816K), 17 survivors (34816K)
 Metaspace       used 126200K, committed 128576K, reserved 557056K
  class space    used 17663K, committed 18816K, reserved 425984K
}
Event: 26.005 GC heap before
{Heap before GC invocations=46 (full 0):
 garbage-first heap   total 448512K, used 401527K [0x0000000700000000, 0x0000000800000000)
  region size 2048K, 131 young (268288K), 17 survivors (34816K)
 Metaspace       used 130648K, committed 133056K, reserved 557056K
  class space    used 18312K, committed 19456K, reserved 425984K
}
Event: 26.034 GC heap after
{Heap after GC invocations=47 (full 0):
 garbage-first heap   total 481280K, used 211962K [0x0000000700000000, 0x0000000800000000)
  region size 2048K, 17 young (34816K), 17 survivors (34816K)
 Metaspace       used 130648K, committed 133056K, reserved 557056K
  class space    used 18312K, committed 19456K, reserved 425984K
}
Event: 26.412 GC heap before
{Heap before GC invocations=47 (full 0):
 garbage-first heap   total 481280K, used 420858K [0x0000000700000000, 0x0000000800000000)
  region size 2048K, 119 young (243712K), 17 survivors (34816K)
 Metaspace       used 131887K, committed 134272K, reserved 557056K
  class space    used 18518K, committed 19648K, reserved 425984K
}
Event: 26.451 GC heap after
{Heap after GC invocations=48 (full 0):
 garbage-first heap   total 649216K, used 254976K [0x0000000700000000, 0x0000000800000000)
  region size 2048K, 15 young (30720K), 15 survivors (30720K)
 Metaspace       used 131887K, committed 134272K, reserved 557056K
  class space    used 18518K, committed 19648K, reserved 425984K
}
Event: 27.352 GC heap before
{Heap before GC invocations=49 (full 0):
 garbage-first heap   total 649216K, used 547840K [0x0000000700000000, 0x0000000800000000)
  region size 2048K, 159 young (325632K), 15 survivors (30720K)
 Metaspace       used 133985K, committed 136384K, reserved 557056K
  class space    used 18834K, committed 19968K, reserved 425984K
}
Event: 27.413 GC heap after
{Heap after GC invocations=50 (full 0):
 garbage-first heap   total 649216K, used 323556K [0x0000000700000000, 0x0000000800000000)
  region size 2048K, 20 young (40960K), 20 survivors (40960K)
 Metaspace       used 133985K, committed 136384K, reserved 557056K
  class space    used 18834K, committed 19968K, reserved 425984K
}

